VR_Code/Library/Bee/Android/Prj/IL2CPP/Gradle/unityLibrary/build/intermediates/manifest_merge_blame_file/release/manifest-merger-blame-release-report.txt
1<?xml version="1.0" encoding="utf-8"?>
2<manifest xmlns:android="http://schemas.android.com/apk/res/android"
3    xmlns:tools="http://schemas.android.com/tools"
4    package="com.unity3d.player"
5    android:versionCode="1"
6    android:versionName="0.1" >
7
8    <uses-sdk
9        android:minSdkVersion="29"
9-->src\main\AndroidManifest.xml
10        android:targetSdkVersion="30" />
10-->src\main\AndroidManifest.xml
11
12    <uses-feature android:glEsVersion="0x00030000" />
12-->src\main\AndroidManifest.xml:449:3-52
12-->src\main\AndroidManifest.xml:449:17-49
13    <uses-feature
13-->src\main\AndroidManifest.xml:450:3-91
14        android:name="android.hardware.vulkan.version"
14-->src\main\AndroidManifest.xml:450:17-63
15        android:required="false" />
15-->src\main\AndroidManifest.xml:450:64-88
16
17    <uses-permission android:name="android.permission.INTERNET" />
17-->src\main\AndroidManifest.xml:451:3-65
17-->src\main\AndroidManifest.xml:451:20-62
18
19    <uses-feature
19-->src\main\AndroidManifest.xml:452:3-88
20        android:name="android.hardware.touchscreen"
20-->src\main\AndroidManifest.xml:452:17-60
21        android:required="false" />
21-->src\main\AndroidManifest.xml:452:61-85
22    <uses-feature
22-->src\main\AndroidManifest.xml:453:3-99
23        android:name="android.hardware.touchscreen.multitouch"
23-->src\main\AndroidManifest.xml:453:17-71
24        android:required="false" />
24-->src\main\AndroidManifest.xml:453:72-96
25    <uses-feature
25-->src\main\AndroidManifest.xml:454:3-108
26        android:name="android.hardware.touchscreen.multitouch.distinct"
26-->src\main\AndroidManifest.xml:454:17-80
27        android:required="false" />
27-->src\main\AndroidManifest.xml:454:81-105
28
29    <uses-permission android:name="android.permission.WRITE_SETTINGS" />
29-->src\main\AndroidManifest.xml:455:3-71
29-->src\main\AndroidManifest.xml:455:20-68
30    <uses-permission android:name="com.picovr.permission.EYE_TRACKING" />
30-->src\main\AndroidManifest.xml:456:3-72
30-->src\main\AndroidManifest.xml:456:20-69
31
32    <application
32-->src\main\AndroidManifest.xml:3:3-448:17
33        android:extractNativeLibs="true"
33-->src\main\AndroidManifest.xml:3:16-48
34        android:requestLegacyExternalStorage="true" >
34-->src\main\AndroidManifest.xml:3:49-92
35        <activity
35-->src\main\AndroidManifest.xml:4:5-11:16
36            android:name="com.unity3d.player.UnityPlayerActivity"
36-->src\main\AndroidManifest.xml:4:15-68
37            android:configChanges="mcc|mnc|locale|touchscreen|keyboard|keyboardHidden|navigation|orientation|screenLayout|uiMode|screenSize|smallestScreenSize|fontScale|layoutDirection|density"
37-->src\main\AndroidManifest.xml:4:181-362
38            android:hardwareAccelerated="false"
38-->src\main\AndroidManifest.xml:4:398-433
39            android:launchMode="singleTask"
39-->src\main\AndroidManifest.xml:4:149-180
40            android:resizeableActivity="false"
40-->src\main\AndroidManifest.xml:4:363-397
41            android:screenOrientation="landscape"
41-->src\main\AndroidManifest.xml:4:111-148
42            android:theme="@style/UnityThemeSelector" >
42-->src\main\AndroidManifest.xml:4:69-110
43            <intent-filter>
43-->src\main\AndroidManifest.xml:5:7-8:23
44                <action android:name="android.intent.action.MAIN" />
44-->src\main\AndroidManifest.xml:6:9-61
44-->src\main\AndroidManifest.xml:6:17-58
45
46                <category android:name="android.intent.category.LAUNCHER" />
46-->src\main\AndroidManifest.xml:7:9-69
46-->src\main\AndroidManifest.xml:7:19-66
47            </intent-filter>
48
49            <meta-data
49-->src\main\AndroidManifest.xml:9:7-82
50                android:name="unityplayer.UnityActivity"
50-->src\main\AndroidManifest.xml:9:18-58
51                android:value="true" />
51-->src\main\AndroidManifest.xml:9:59-79
52            <meta-data
52-->src\main\AndroidManifest.xml:10:7-78
53                android:name="android.notch_support"
53-->src\main\AndroidManifest.xml:10:18-54
54                android:value="true" />
54-->src\main\AndroidManifest.xml:10:55-75
55        </activity>
56
57        <meta-data
57-->src\main\AndroidManifest.xml:12:5-69
58            android:name="unity.splash-mode"
58-->src\main\AndroidManifest.xml:12:16-48
59            android:value="0" />
59-->src\main\AndroidManifest.xml:12:49-66
60        <meta-data
60-->src\main\AndroidManifest.xml:13:5-74
61            android:name="unity.splash-enable"
61-->src\main\AndroidManifest.xml:13:16-50
62            android:value="True" />
62-->src\main\AndroidManifest.xml:13:51-71
63        <meta-data
63-->src\main\AndroidManifest.xml:14:5-78
64            android:name="unity.launch-fullscreen"
64-->src\main\AndroidManifest.xml:14:16-54
65            android:value="True" />
65-->src\main\AndroidManifest.xml:14:55-75
66        <meta-data
66-->src\main\AndroidManifest.xml:15:5-84
67            android:name="unity.allow-resizable-window"
67-->src\main\AndroidManifest.xml:15:16-59
68            android:value="False" />
68-->src\main\AndroidManifest.xml:15:60-81
69        <meta-data
69-->src\main\AndroidManifest.xml:16:5-81
70            android:name="notch.config"
70-->src\main\AndroidManifest.xml:16:16-43
71            android:value="portrait|landscape" />
71-->src\main\AndroidManifest.xml:16:44-78
72        <meta-data
72-->src\main\AndroidManifest.xml:17:5-84
73            android:name="unity.auto-report-fully-drawn"
73-->src\main\AndroidManifest.xml:17:16-60
74            android:value="true" />
74-->src\main\AndroidManifest.xml:17:61-81
75        <meta-data
75-->src\main\AndroidManifest.xml:18:5-73
76            android:name="pvr.app.id"
76-->src\main\AndroidManifest.xml:18:16-41
77            android:value="9877u89h97gh" />
77-->src\main\AndroidManifest.xml:18:42-70
78        <meta-data
78-->src\main\AndroidManifest.xml:19:5-83
79            android:name="use_record_highlight_feature"
79-->src\main\AndroidManifest.xml:19:16-59
80            android:value="True" />
80-->src\main\AndroidManifest.xml:19:60-80
81        <meta-data
81-->src\main\AndroidManifest.xml:20:5-65
82            android:name="pvr.app.type"
82-->src\main\AndroidManifest.xml:20:16-43
83            android:value="vr" />
83-->src\main\AndroidManifest.xml:20:44-62
84        <meta-data
84-->src\main\AndroidManifest.xml:21:5-83
85            android:name="pvr.sdk.version"
85-->src\main\AndroidManifest.xml:21:16-46
86            android:value="XR Platform_2.3.4" />
86-->src\main\AndroidManifest.xml:21:47-80
87        <meta-data
87-->src\main\AndroidManifest.xml:22:5-62
88            android:name="enable_cpt"
88-->src\main\AndroidManifest.xml:22:16-41
89            android:value="0" />
89-->src\main\AndroidManifest.xml:22:42-59
90        <meta-data
90-->src\main\AndroidManifest.xml:23:5-64
91            android:name="handtracking"
91-->src\main\AndroidManifest.xml:23:16-43
92            android:value="1" />
92-->src\main\AndroidManifest.xml:23:44-61
93        <meta-data
93-->src\main\AndroidManifest.xml:24:5-66
94            android:name="rendering_mode"
94-->src\main\AndroidManifest.xml:24:16-45
95            android:value="1" />
95-->src\main\AndroidManifest.xml:24:46-63
96        <meta-data
96-->src\main\AndroidManifest.xml:25:5-64
97            android:name="display_rate"
97-->src\main\AndroidManifest.xml:25:16-43
98            android:value="0" />
98-->src\main\AndroidManifest.xml:25:44-61
99        <meta-data
99-->src\main\AndroidManifest.xml:26:5-63
100            android:name="color_Space"
100-->src\main\AndroidManifest.xml:26:16-42
101            android:value="1" />
101-->src\main\AndroidManifest.xml:26:43-60
102        <meta-data
102-->src\main\AndroidManifest.xml:27:5-62
103            android:name="MRCsupport"
103-->src\main\AndroidManifest.xml:27:16-41
104            android:value="1" />
104-->src\main\AndroidManifest.xml:27:42-59
105        <meta-data
105-->src\main\AndroidManifest.xml:28:5-68
106            android:name="pvr.LateLatching"
106-->src\main\AndroidManifest.xml:28:16-47
107            android:value="0" />
107-->src\main\AndroidManifest.xml:28:48-65
108        <meta-data
108-->src\main\AndroidManifest.xml:29:5-73
109            android:name="pvr.LateLatchingDebug"
109-->src\main\AndroidManifest.xml:29:16-52
110            android:value="0" />
110-->src\main\AndroidManifest.xml:29:53-70
111        <meta-data
111-->src\main\AndroidManifest.xml:30:5-66
112            android:name="pvr.app.splash"
112-->src\main\AndroidManifest.xml:30:16-45
113            android:value="0" />
113-->src\main\AndroidManifest.xml:30:46-63
114        <meta-data
114-->src\main\AndroidManifest.xml:31:5-70
115            android:name="PICO.swift.feature"
115-->src\main\AndroidManifest.xml:31:16-49
116            android:value="0" />
116-->src\main\AndroidManifest.xml:31:50-67
117        <meta-data
117-->src\main\AndroidManifest.xml:32:5-71
118            android:name="adaptive_resolution"
118-->src\main\AndroidManifest.xml:32:16-50
119            android:value="0" />
119-->src\main\AndroidManifest.xml:32:51-68
120        <meta-data
120-->src\main\AndroidManifest.xml:33:5-66
121            android:name="mr_map_require"
121-->src\main\AndroidManifest.xml:33:16-45
122            android:value="0" />
122-->src\main\AndroidManifest.xml:33:46-63
123        <meta-data
123-->src\main\AndroidManifest.xml:34:5-61
124            android:name="enable_mr"
124-->src\main\AndroidManifest.xml:34:16-40
125            android:value="0" />
125-->src\main\AndroidManifest.xml:34:41-58
126        <meta-data
126-->src\main\AndroidManifest.xml:35:5-62
127            android:name="enable_vst"
127-->src\main\AndroidManifest.xml:35:16-41
128            android:value="0" />
128-->src\main\AndroidManifest.xml:35:42-59
129        <meta-data
129-->src\main\AndroidManifest.xml:36:5-65
130            android:name="enable_anchor"
130-->src\main\AndroidManifest.xml:36:16-44
131            android:value="0" />
131-->src\main\AndroidManifest.xml:36:45-62
132        <meta-data
132-->src\main\AndroidManifest.xml:37:5-73
133            android:name="mr_map_mgr_auto_start"
133-->src\main\AndroidManifest.xml:37:16-52
134            android:value="0" />
134-->src\main\AndroidManifest.xml:37:53-70
135        <meta-data
135-->src\main\AndroidManifest.xml:38:5-80
136            android:name="picovr.software.eye_tracking"
136-->src\main\AndroidManifest.xml:38:16-59
137            android:value="1" />
137-->src\main\AndroidManifest.xml:38:60-77
138        <meta-data
138-->src\main\AndroidManifest.xml:39:5-78
139            android:name="eyetracking_calibration"
139-->src\main\AndroidManifest.xml:39:16-54
140            android:value="true" />
140-->src\main\AndroidManifest.xml:39:55-75
141        <meta-data
141-->src\main\AndroidManifest.xml:18:5-73
142            android:name="pvr.app.id"
142-->src\main\AndroidManifest.xml:18:16-41
143            android:value="9877u89h97gh" />
143-->src\main\AndroidManifest.xml:18:42-70
144        <meta-data
144-->src\main\AndroidManifest.xml:19:5-83
145            android:name="use_record_highlight_feature"
145-->src\main\AndroidManifest.xml:19:16-59
146            android:value="True" />
146-->src\main\AndroidManifest.xml:19:60-80
147        <meta-data
147-->src\main\AndroidManifest.xml:18:5-73
148            android:name="pvr.app.id"
148-->src\main\AndroidManifest.xml:18:16-41
149            android:value="9877u89h97gh" />
149-->src\main\AndroidManifest.xml:18:42-70
150        <meta-data
150-->src\main\AndroidManifest.xml:19:5-83
151            android:name="use_record_highlight_feature"
151-->src\main\AndroidManifest.xml:19:16-59
152            android:value="True" />
152-->src\main\AndroidManifest.xml:19:60-80
153        <meta-data
153-->src\main\AndroidManifest.xml:18:5-73
154            android:name="pvr.app.id"
154-->src\main\AndroidManifest.xml:18:16-41
155            android:value="9877u89h97gh" />
155-->src\main\AndroidManifest.xml:18:42-70
156        <meta-data
156-->src\main\AndroidManifest.xml:19:5-83
157            android:name="use_record_highlight_feature"
157-->src\main\AndroidManifest.xml:19:16-59
158            android:value="True" />
158-->src\main\AndroidManifest.xml:19:60-80
159        <meta-data
159-->src\main\AndroidManifest.xml:18:5-73
160            android:name="pvr.app.id"
160-->src\main\AndroidManifest.xml:18:16-41
161            android:value="9877u89h97gh" />
161-->src\main\AndroidManifest.xml:18:42-70
162        <meta-data
162-->src\main\AndroidManifest.xml:19:5-83
163            android:name="use_record_highlight_feature"
163-->src\main\AndroidManifest.xml:19:16-59
164            android:value="True" />
164-->src\main\AndroidManifest.xml:19:60-80
165        <meta-data
165-->src\main\AndroidManifest.xml:18:5-73
166            android:name="pvr.app.id"
166-->src\main\AndroidManifest.xml:18:16-41
167            android:value="9877u89h97gh" />
167-->src\main\AndroidManifest.xml:18:42-70
168        <meta-data
168-->src\main\AndroidManifest.xml:19:5-83
169            android:name="use_record_highlight_feature"
169-->src\main\AndroidManifest.xml:19:16-59
170            android:value="True" />
170-->src\main\AndroidManifest.xml:19:60-80
171        <meta-data
171-->src\main\AndroidManifest.xml:18:5-73
172            android:name="pvr.app.id"
172-->src\main\AndroidManifest.xml:18:16-41
173            android:value="9877u89h97gh" />
173-->src\main\AndroidManifest.xml:18:42-70
174        <meta-data
174-->src\main\AndroidManifest.xml:19:5-83
175            android:name="use_record_highlight_feature"
175-->src\main\AndroidManifest.xml:19:16-59
176            android:value="True" />
176-->src\main\AndroidManifest.xml:19:60-80
177        <meta-data
177-->src\main\AndroidManifest.xml:18:5-73
178            android:name="pvr.app.id"
178-->src\main\AndroidManifest.xml:18:16-41
179            android:value="9877u89h97gh" />
179-->src\main\AndroidManifest.xml:18:42-70
180        <meta-data
180-->src\main\AndroidManifest.xml:19:5-83
181            android:name="use_record_highlight_feature"
181-->src\main\AndroidManifest.xml:19:16-59
182            android:value="True" />
182-->src\main\AndroidManifest.xml:19:60-80
183        <meta-data
183-->src\main\AndroidManifest.xml:18:5-73
184            android:name="pvr.app.id"
184-->src\main\AndroidManifest.xml:18:16-41
185            android:value="9877u89h97gh" />
185-->src\main\AndroidManifest.xml:18:42-70
186        <meta-data
186-->src\main\AndroidManifest.xml:19:5-83
187            android:name="use_record_highlight_feature"
187-->src\main\AndroidManifest.xml:19:16-59
188            android:value="True" />
188-->src\main\AndroidManifest.xml:19:60-80
189        <meta-data
189-->src\main\AndroidManifest.xml:18:5-73
190            android:name="pvr.app.id"
190-->src\main\AndroidManifest.xml:18:16-41
191            android:value="9877u89h97gh" />
191-->src\main\AndroidManifest.xml:18:42-70
192        <meta-data
192-->src\main\AndroidManifest.xml:19:5-83
193            android:name="use_record_highlight_feature"
193-->src\main\AndroidManifest.xml:19:16-59
194            android:value="True" />
194-->src\main\AndroidManifest.xml:19:60-80
195        <meta-data
195-->src\main\AndroidManifest.xml:18:5-73
196            android:name="pvr.app.id"
196-->src\main\AndroidManifest.xml:18:16-41
197            android:value="9877u89h97gh" />
197-->src\main\AndroidManifest.xml:18:42-70
198        <meta-data
198-->src\main\AndroidManifest.xml:19:5-83
199            android:name="use_record_highlight_feature"
199-->src\main\AndroidManifest.xml:19:16-59
200            android:value="True" />
200-->src\main\AndroidManifest.xml:19:60-80
201        <meta-data
201-->src\main\AndroidManifest.xml:18:5-73
202            android:name="pvr.app.id"
202-->src\main\AndroidManifest.xml:18:16-41
203            android:value="9877u89h97gh" />
203-->src\main\AndroidManifest.xml:18:42-70
204        <meta-data
204-->src\main\AndroidManifest.xml:19:5-83
205            android:name="use_record_highlight_feature"
205-->src\main\AndroidManifest.xml:19:16-59
206            android:value="True" />
206-->src\main\AndroidManifest.xml:19:60-80
207        <meta-data
207-->src\main\AndroidManifest.xml:18:5-73
208            android:name="pvr.app.id"
208-->src\main\AndroidManifest.xml:18:16-41
209            android:value="9877u89h97gh" />
209-->src\main\AndroidManifest.xml:18:42-70
210        <meta-data
210-->src\main\AndroidManifest.xml:19:5-83
211            android:name="use_record_highlight_feature"
211-->src\main\AndroidManifest.xml:19:16-59
212            android:value="True" />
212-->src\main\AndroidManifest.xml:19:60-80
213        <meta-data
213-->src\main\AndroidManifest.xml:18:5-73
214            android:name="pvr.app.id"
214-->src\main\AndroidManifest.xml:18:16-41
215            android:value="9877u89h97gh" />
215-->src\main\AndroidManifest.xml:18:42-70
216        <meta-data
216-->src\main\AndroidManifest.xml:19:5-83
217            android:name="use_record_highlight_feature"
217-->src\main\AndroidManifest.xml:19:16-59
218            android:value="True" />
218-->src\main\AndroidManifest.xml:19:60-80
219        <meta-data
219-->src\main\AndroidManifest.xml:18:5-73
220            android:name="pvr.app.id"
220-->src\main\AndroidManifest.xml:18:16-41
221            android:value="9877u89h97gh" />
221-->src\main\AndroidManifest.xml:18:42-70
222        <meta-data
222-->src\main\AndroidManifest.xml:19:5-83
223            android:name="use_record_highlight_feature"
223-->src\main\AndroidManifest.xml:19:16-59
224            android:value="True" />
224-->src\main\AndroidManifest.xml:19:60-80
225        <meta-data
225-->src\main\AndroidManifest.xml:18:5-73
226            android:name="pvr.app.id"
226-->src\main\AndroidManifest.xml:18:16-41
227            android:value="9877u89h97gh" />
227-->src\main\AndroidManifest.xml:18:42-70
228        <meta-data
228-->src\main\AndroidManifest.xml:19:5-83
229            android:name="use_record_highlight_feature"
229-->src\main\AndroidManifest.xml:19:16-59
230            android:value="True" />
230-->src\main\AndroidManifest.xml:19:60-80
231        <meta-data
231-->src\main\AndroidManifest.xml:18:5-73
232            android:name="pvr.app.id"
232-->src\main\AndroidManifest.xml:18:16-41
233            android:value="9877u89h97gh" />
233-->src\main\AndroidManifest.xml:18:42-70
234        <meta-data
234-->src\main\AndroidManifest.xml:19:5-83
235            android:name="use_record_highlight_feature"
235-->src\main\AndroidManifest.xml:19:16-59
236            android:value="True" />
236-->src\main\AndroidManifest.xml:19:60-80
237        <meta-data
237-->src\main\AndroidManifest.xml:18:5-73
238            android:name="pvr.app.id"
238-->src\main\AndroidManifest.xml:18:16-41
239            android:value="9877u89h97gh" />
239-->src\main\AndroidManifest.xml:18:42-70
240        <meta-data
240-->src\main\AndroidManifest.xml:19:5-83
241            android:name="use_record_highlight_feature"
241-->src\main\AndroidManifest.xml:19:16-59
242            android:value="True" />
242-->src\main\AndroidManifest.xml:19:60-80
243        <meta-data
243-->src\main\AndroidManifest.xml:18:5-73
244            android:name="pvr.app.id"
244-->src\main\AndroidManifest.xml:18:16-41
245            android:value="9877u89h97gh" />
245-->src\main\AndroidManifest.xml:18:42-70
246        <meta-data
246-->src\main\AndroidManifest.xml:19:5-83
247            android:name="use_record_highlight_feature"
247-->src\main\AndroidManifest.xml:19:16-59
248            android:value="True" />
248-->src\main\AndroidManifest.xml:19:60-80
249        <meta-data
249-->src\main\AndroidManifest.xml:18:5-73
250            android:name="pvr.app.id"
250-->src\main\AndroidManifest.xml:18:16-41
251            android:value="9877u89h97gh" />
251-->src\main\AndroidManifest.xml:18:42-70
252        <meta-data
252-->src\main\AndroidManifest.xml:19:5-83
253            android:name="use_record_highlight_feature"
253-->src\main\AndroidManifest.xml:19:16-59
254            android:value="True" />
254-->src\main\AndroidManifest.xml:19:60-80
255        <meta-data
255-->src\main\AndroidManifest.xml:18:5-73
256            android:name="pvr.app.id"
256-->src\main\AndroidManifest.xml:18:16-41
257            android:value="9877u89h97gh" />
257-->src\main\AndroidManifest.xml:18:42-70
258        <meta-data
258-->src\main\AndroidManifest.xml:19:5-83
259            android:name="use_record_highlight_feature"
259-->src\main\AndroidManifest.xml:19:16-59
260            android:value="True" />
260-->src\main\AndroidManifest.xml:19:60-80
261        <meta-data
261-->src\main\AndroidManifest.xml:18:5-73
262            android:name="pvr.app.id"
262-->src\main\AndroidManifest.xml:18:16-41
263            android:value="9877u89h97gh" />
263-->src\main\AndroidManifest.xml:18:42-70
264        <meta-data
264-->src\main\AndroidManifest.xml:19:5-83
265            android:name="use_record_highlight_feature"
265-->src\main\AndroidManifest.xml:19:16-59
266            android:value="True" />
266-->src\main\AndroidManifest.xml:19:60-80
267        <meta-data
267-->src\main\AndroidManifest.xml:18:5-73
268            android:name="pvr.app.id"
268-->src\main\AndroidManifest.xml:18:16-41
269            android:value="9877u89h97gh" />
269-->src\main\AndroidManifest.xml:18:42-70
270        <meta-data
270-->src\main\AndroidManifest.xml:19:5-83
271            android:name="use_record_highlight_feature"
271-->src\main\AndroidManifest.xml:19:16-59
272            android:value="True" />
272-->src\main\AndroidManifest.xml:19:60-80
273        <meta-data
273-->src\main\AndroidManifest.xml:18:5-73
274            android:name="pvr.app.id"
274-->src\main\AndroidManifest.xml:18:16-41
275            android:value="9877u89h97gh" />
275-->src\main\AndroidManifest.xml:18:42-70
276        <meta-data
276-->src\main\AndroidManifest.xml:19:5-83
277            android:name="use_record_highlight_feature"
277-->src\main\AndroidManifest.xml:19:16-59
278            android:value="True" />
278-->src\main\AndroidManifest.xml:19:60-80
279        <meta-data
279-->src\main\AndroidManifest.xml:18:5-73
280            android:name="pvr.app.id"
280-->src\main\AndroidManifest.xml:18:16-41
281            android:value="9877u89h97gh" />
281-->src\main\AndroidManifest.xml:18:42-70
282        <meta-data
282-->src\main\AndroidManifest.xml:19:5-83
283            android:name="use_record_highlight_feature"
283-->src\main\AndroidManifest.xml:19:16-59
284            android:value="True" />
284-->src\main\AndroidManifest.xml:19:60-80
285        <meta-data
285-->src\main\AndroidManifest.xml:18:5-73
286            android:name="pvr.app.id"
286-->src\main\AndroidManifest.xml:18:16-41
287            android:value="9877u89h97gh" />
287-->src\main\AndroidManifest.xml:18:42-70
288        <meta-data
288-->src\main\AndroidManifest.xml:19:5-83
289            android:name="use_record_highlight_feature"
289-->src\main\AndroidManifest.xml:19:16-59
290            android:value="True" />
290-->src\main\AndroidManifest.xml:19:60-80
291        <meta-data
291-->src\main\AndroidManifest.xml:18:5-73
292            android:name="pvr.app.id"
292-->src\main\AndroidManifest.xml:18:16-41
293            android:value="9877u89h97gh" />
293-->src\main\AndroidManifest.xml:18:42-70
294        <meta-data
294-->src\main\AndroidManifest.xml:19:5-83
295            android:name="use_record_highlight_feature"
295-->src\main\AndroidManifest.xml:19:16-59
296            android:value="True" />
296-->src\main\AndroidManifest.xml:19:60-80
297        <meta-data
297-->src\main\AndroidManifest.xml:18:5-73
298            android:name="pvr.app.id"
298-->src\main\AndroidManifest.xml:18:16-41
299            android:value="9877u89h97gh" />
299-->src\main\AndroidManifest.xml:18:42-70
300        <meta-data
300-->src\main\AndroidManifest.xml:19:5-83
301            android:name="use_record_highlight_feature"
301-->src\main\AndroidManifest.xml:19:16-59
302            android:value="True" />
302-->src\main\AndroidManifest.xml:19:60-80
303        <meta-data
303-->src\main\AndroidManifest.xml:18:5-73
304            android:name="pvr.app.id"
304-->src\main\AndroidManifest.xml:18:16-41
305            android:value="9877u89h97gh" />
305-->src\main\AndroidManifest.xml:18:42-70
306        <meta-data
306-->src\main\AndroidManifest.xml:19:5-83
307            android:name="use_record_highlight_feature"
307-->src\main\AndroidManifest.xml:19:16-59
308            android:value="True" />
308-->src\main\AndroidManifest.xml:19:60-80
309        <meta-data
309-->src\main\AndroidManifest.xml:18:5-73
310            android:name="pvr.app.id"
310-->src\main\AndroidManifest.xml:18:16-41
311            android:value="9877u89h97gh" />
311-->src\main\AndroidManifest.xml:18:42-70
312        <meta-data
312-->src\main\AndroidManifest.xml:19:5-83
313            android:name="use_record_highlight_feature"
313-->src\main\AndroidManifest.xml:19:16-59
314            android:value="True" />
314-->src\main\AndroidManifest.xml:19:60-80
315        <meta-data
315-->src\main\AndroidManifest.xml:18:5-73
316            android:name="pvr.app.id"
316-->src\main\AndroidManifest.xml:18:16-41
317            android:value="9877u89h97gh" />
317-->src\main\AndroidManifest.xml:18:42-70
318        <meta-data
318-->src\main\AndroidManifest.xml:19:5-83
319            android:name="use_record_highlight_feature"
319-->src\main\AndroidManifest.xml:19:16-59
320            android:value="True" />
320-->src\main\AndroidManifest.xml:19:60-80
321        <meta-data
321-->src\main\AndroidManifest.xml:18:5-73
322            android:name="pvr.app.id"
322-->src\main\AndroidManifest.xml:18:16-41
323            android:value="9877u89h97gh" />
323-->src\main\AndroidManifest.xml:18:42-70
324        <meta-data
324-->src\main\AndroidManifest.xml:19:5-83
325            android:name="use_record_highlight_feature"
325-->src\main\AndroidManifest.xml:19:16-59
326            android:value="True" />
326-->src\main\AndroidManifest.xml:19:60-80
327        <meta-data
327-->src\main\AndroidManifest.xml:18:5-73
328            android:name="pvr.app.id"
328-->src\main\AndroidManifest.xml:18:16-41
329            android:value="9877u89h97gh" />
329-->src\main\AndroidManifest.xml:18:42-70
330        <meta-data
330-->src\main\AndroidManifest.xml:19:5-83
331            android:name="use_record_highlight_feature"
331-->src\main\AndroidManifest.xml:19:16-59
332            android:value="True" />
332-->src\main\AndroidManifest.xml:19:60-80
333        <meta-data
333-->src\main\AndroidManifest.xml:18:5-73
334            android:name="pvr.app.id"
334-->src\main\AndroidManifest.xml:18:16-41
335            android:value="9877u89h97gh" />
335-->src\main\AndroidManifest.xml:18:42-70
336        <meta-data
336-->src\main\AndroidManifest.xml:19:5-83
337            android:name="use_record_highlight_feature"
337-->src\main\AndroidManifest.xml:19:16-59
338            android:value="True" />
338-->src\main\AndroidManifest.xml:19:60-80
339        <meta-data
339-->src\main\AndroidManifest.xml:18:5-73
340            android:name="pvr.app.id"
340-->src\main\AndroidManifest.xml:18:16-41
341            android:value="9877u89h97gh" />
341-->src\main\AndroidManifest.xml:18:42-70
342        <meta-data
342-->src\main\AndroidManifest.xml:19:5-83
343            android:name="use_record_highlight_feature"
343-->src\main\AndroidManifest.xml:19:16-59
344            android:value="True" />
344-->src\main\AndroidManifest.xml:19:60-80
345        <meta-data
345-->src\main\AndroidManifest.xml:18:5-73
346            android:name="pvr.app.id"
346-->src\main\AndroidManifest.xml:18:16-41
347            android:value="9877u89h97gh" />
347-->src\main\AndroidManifest.xml:18:42-70
348        <meta-data
348-->src\main\AndroidManifest.xml:19:5-83
349            android:name="use_record_highlight_feature"
349-->src\main\AndroidManifest.xml:19:16-59
350            android:value="True" />
350-->src\main\AndroidManifest.xml:19:60-80
351        <meta-data
351-->src\main\AndroidManifest.xml:18:5-73
352            android:name="pvr.app.id"
352-->src\main\AndroidManifest.xml:18:16-41
353            android:value="9877u89h97gh" />
353-->src\main\AndroidManifest.xml:18:42-70
354        <meta-data
354-->src\main\AndroidManifest.xml:19:5-83
355            android:name="use_record_highlight_feature"
355-->src\main\AndroidManifest.xml:19:16-59
356            android:value="True" />
356-->src\main\AndroidManifest.xml:19:60-80
357        <meta-data
357-->src\main\AndroidManifest.xml:18:5-73
358            android:name="pvr.app.id"
358-->src\main\AndroidManifest.xml:18:16-41
359            android:value="9877u89h97gh" />
359-->src\main\AndroidManifest.xml:18:42-70
360        <meta-data
360-->src\main\AndroidManifest.xml:19:5-83
361            android:name="use_record_highlight_feature"
361-->src\main\AndroidManifest.xml:19:16-59
362            android:value="True" />
362-->src\main\AndroidManifest.xml:19:60-80
363        <meta-data
363-->src\main\AndroidManifest.xml:18:5-73
364            android:name="pvr.app.id"
364-->src\main\AndroidManifest.xml:18:16-41
365            android:value="9877u89h97gh" />
365-->src\main\AndroidManifest.xml:18:42-70
366        <meta-data
366-->src\main\AndroidManifest.xml:19:5-83
367            android:name="use_record_highlight_feature"
367-->src\main\AndroidManifest.xml:19:16-59
368            android:value="True" />
368-->src\main\AndroidManifest.xml:19:60-80
369        <meta-data
369-->src\main\AndroidManifest.xml:18:5-73
370            android:name="pvr.app.id"
370-->src\main\AndroidManifest.xml:18:16-41
371            android:value="9877u89h97gh" />
371-->src\main\AndroidManifest.xml:18:42-70
372        <meta-data
372-->src\main\AndroidManifest.xml:19:5-83
373            android:name="use_record_highlight_feature"
373-->src\main\AndroidManifest.xml:19:16-59
374            android:value="True" />
374-->src\main\AndroidManifest.xml:19:60-80
375        <meta-data